build/app/intermediates/manifest_merge_blame_file/debug/manifest-merger-blame-debug-report.txt
1<?xml version="1.0" encoding="utf-8"?>
2<manifest xmlns:android="http://schemas.android.com/apk/res/android"
3    package="com.example.medocom"
4    android:versionCode="1"
5    android:versionName="1.0.0" >
6
7    <uses-sdk
8        android:minSdkVersion="20"
9        android:targetSdkVersion="31" />
10    <!--
11         Flutter needs it to communicate with the running application
12         to allow setting breakpoints, to provide hot reload, etc.
13    -->
14    <uses-permission android:name="android.permission.INTERNET" />
14-->src\main\AndroidManifest.xml:3:5-66
14-->src\main\AndroidManifest.xml:3:22-64
15
16    <queries>
16-->src\main\AndroidManifest.xml:4:2-25:12
17
18        <!-- If your app opens https URLs -->
19        <intent>
19-->src\main\AndroidManifest.xml:6:3-9:12
20            <action android:name="android.intent.action.VIEW" />
20-->src\main\AndroidManifest.xml:7:5-57
20-->src\main\AndroidManifest.xml:7:13-54
21
22            <data android:scheme="https" />
22-->src\main\AndroidManifest.xml:8:5-36
22-->src\main\AndroidManifest.xml:8:11-33
23        </intent>
24        <!-- If your app makes calls -->
25        <intent>
25-->src\main\AndroidManifest.xml:11:3-14:12
26            <action android:name="android.intent.action.DIAL" />
26-->src\main\AndroidManifest.xml:12:5-57
26-->src\main\AndroidManifest.xml:12:13-54
27
28            <data android:scheme="tel" />
28-->src\main\AndroidManifest.xml:8:5-36
28-->src\main\AndroidManifest.xml:8:11-33
29        </intent>
30        <!-- If your sends SMS messages -->
31        <intent>
31-->src\main\AndroidManifest.xml:16:3-19:12
32            <action android:name="android.intent.action.SENDTO" />
32-->src\main\AndroidManifest.xml:17:5-59
32-->src\main\AndroidManifest.xml:17:13-56
33
34            <data android:scheme="smsto" />
34-->src\main\AndroidManifest.xml:8:5-36
34-->src\main\AndroidManifest.xml:8:11-33
35        </intent>
36        <!-- If your app sends emails -->
37        <intent>
37-->src\main\AndroidManifest.xml:21:3-24:12
38            <action android:name="android.intent.action.SEND" />
38-->src\main\AndroidManifest.xml:22:5-57
38-->src\main\AndroidManifest.xml:22:13-54
39
40            <data android:mimeType="*/*" />
40-->src\main\AndroidManifest.xml:8:5-36
41        </intent>
42    </queries> <!-- Include required permissions for Google Maps API to run. -->
43    <uses-permission android:name="android.permission.ACCESS_NETWORK_STATE" />
43-->[com.google.android.gms:play-services-maps:17.0.0] AndroidManifest.xml:23:5-79
43-->[com.google.android.gms:play-services-maps:17.0.0] AndroidManifest.xml:23:22-76
44
45    <uses-feature
45-->[com.google.android.gms:play-services-maps:17.0.0] AndroidManifest.xml:26:5-28:35
46        android:glEsVersion="0x00020000"
46-->[com.google.android.gms:play-services-maps:17.0.0] AndroidManifest.xml:27:9-41
47        android:required="true" />
47-->[com.google.android.gms:play-services-maps:17.0.0] AndroidManifest.xml:28:9-32
48
49    <application
49-->src\main\AndroidManifest.xml:26:4-56:19
50        android:appComponentFactory="androidx.core.app.CoreComponentFactory"
50-->[androidx.core:core:1.6.0] AndroidManifest.xml:24:18-86
51        android:debuggable="true"
52        android:icon="@mipmap/ic_launcher"
52-->src\main\AndroidManifest.xml:29:9-43
53        android:label="medocom" >
53-->src\main\AndroidManifest.xml:27:9-32
54        <activity
54-->src\main\AndroidManifest.xml:30:9-50:20
55            android:name="com.example.medocom.MainActivity"
55-->src\main\AndroidManifest.xml:31:13-41
56            android:configChanges="orientation|keyboardHidden|keyboard|screenSize|smallestScreenSize|locale|layoutDirection|fontScale|screenLayout|density|uiMode"
56-->src\main\AndroidManifest.xml:35:13-163
57            android:exported="true"
57-->src\main\AndroidManifest.xml:32:13-36
58            android:hardwareAccelerated="true"
58-->src\main\AndroidManifest.xml:36:13-47
59            android:launchMode="singleTop"
59-->src\main\AndroidManifest.xml:33:13-43
60            android:theme="@style/LaunchTheme"
60-->src\main\AndroidManifest.xml:34:13-47
61            android:windowSoftInputMode="adjustResize" >
61-->src\main\AndroidManifest.xml:37:13-55
62
63            <!--
64                 Specifies an Android theme to apply to this Activity as soon as
65                 the Android process has started. This theme is visible to the user
66                 while the Flutter UI initializes. After that, this theme continues
67                 to determine the Window background behind the Flutter UI.
68            -->
69            <meta-data
69-->src\main\AndroidManifest.xml:42:13-45:17
70                android:name="io.flutter.embedding.android.NormalTheme"
70-->src\main\AndroidManifest.xml:43:15-70
71                android:resource="@style/NormalTheme" />
71-->src\main\AndroidManifest.xml:44:15-52
72
73            <intent-filter>
73-->src\main\AndroidManifest.xml:46:13-49:29
74                <action android:name="android.intent.action.MAIN" />
74-->src\main\AndroidManifest.xml:47:17-68
74-->src\main\AndroidManifest.xml:47:25-66
75
76                <category android:name="android.intent.category.LAUNCHER" />
76-->src\main\AndroidManifest.xml:48:17-76
76-->src\main\AndroidManifest.xml:48:27-74
77            </intent-filter>
78        </activity>
79        <!--
80             Don't delete the meta-data below.
81             This is used by the Flutter tool to generate GeneratedPluginRegistrant.java
82        -->
83        <meta-data
83-->src\main\AndroidManifest.xml:53:9-55:33
84            android:name="flutterEmbedding"
84-->src\main\AndroidManifest.xml:54:13-44
85            android:value="2" />
85-->src\main\AndroidManifest.xml:55:13-30
86
87        <activity
87-->[:url_launcher_android] AndroidManifest.xml:8:9-11:74
88            android:name="io.flutter.plugins.urllauncher.WebViewActivity"
88-->[:url_launcher_android] AndroidManifest.xml:9:13-74
89            android:exported="false"
89-->[:url_launcher_android] AndroidManifest.xml:10:13-37
90            android:theme="@android:style/Theme.NoTitleBar.Fullscreen" />
90-->[:url_launcher_android] AndroidManifest.xml:11:13-71
91
92        <uses-library
92-->[androidx.window:window:1.0.0-beta04] AndroidManifest.xml:25:9-27:40
93            android:name="androidx.window.extensions"
93-->[androidx.window:window:1.0.0-beta04] AndroidManifest.xml:26:13-54
94            android:required="false" />
94-->[androidx.window:window:1.0.0-beta04] AndroidManifest.xml:27:13-37
95        <uses-library
95-->[androidx.window:window:1.0.0-beta04] AndroidManifest.xml:28:9-30:40
96            android:name="androidx.window.sidecar"
96-->[androidx.window:window:1.0.0-beta04] AndroidManifest.xml:29:13-51
97            android:required="false" /> <!-- Needs to be explicitly declared on P+ -->
97-->[androidx.window:window:1.0.0-beta04] AndroidManifest.xml:30:13-37
98        <uses-library
98-->[com.google.android.gms:play-services-maps:17.0.0] AndroidManifest.xml:33:9-35:40
99            android:name="org.apache.http.legacy"
99-->[com.google.android.gms:play-services-maps:17.0.0] AndroidManifest.xml:34:13-50
100            android:required="false" />
100-->[com.google.android.gms:play-services-maps:17.0.0] AndroidManifest.xml:35:13-37
101
102        <activity
102-->[com.google.android.gms:play-services-base:17.0.0] AndroidManifest.xml:23:9-26:75
103            android:name="com.google.android.gms.common.api.GoogleApiActivity"
103-->[com.google.android.gms:play-services-base:17.0.0] AndroidManifest.xml:24:13-79
104            android:exported="false"
104-->[com.google.android.gms:play-services-base:17.0.0] AndroidManifest.xml:25:13-37
105            android:theme="@android:style/Theme.Translucent.NoTitleBar" />
105-->[com.google.android.gms:play-services-base:17.0.0] AndroidManifest.xml:26:13-72
106
107        <meta-data
107-->[com.google.android.gms:play-services-basement:17.0.0] AndroidManifest.xml:23:9-25:69
108            android:name="com.google.android.gms.version"
108-->[com.google.android.gms:play-services-basement:17.0.0] AndroidManifest.xml:24:13-58
109            android:value="@integer/google_play_services_version" />
109-->[com.google.android.gms:play-services-basement:17.0.0] AndroidManifest.xml:25:13-66
110    </application>
111
112</manifest>